-------------------------------------------------------------------------------------------------------------------------------
      name:  <unnamed>
       log:  C:\...\ahp.log
  log type:  text
 opened on:  20 Dec 2012, 07:21:18

. 
. generate time = _n + 371

. label var time "Time"

. format time %tmm_Y

. list time ahp in 1/10

     +----------------+
     |   time     ahp |
     |----------------|
  1. | Jan 91   53052 |
  2. | Feb 91   53497 |
  3. | Mar 91   52893 |
  4. | Apr 91   53677 |
  5. | May 91   54386 |
     |----------------|
  6. | Jun 91   55107 |
  7. | Jul 91   54541 |
  8. | Aug 91   54041 |
  9. | Sep 91   53259 |
 10. | Oct 91   53467 |
     +----------------+

. 
. tsset time
        time variable:  time, Jan 91 to May 07
                delta:  1 month

. 
. tsline ahp, lwidth(thick)

. ac ahp

. 
. gen dhp= 100*(ahp-L.ahp)/L.ahp
(1 missing value generated)

. label var dhp "Monthly Percentage Change"

. 
. tsline dhp, lwidth(thick)

. 
. ac  dhp

. pac dhp

. 
. arima dhp, ar(1/2)

(setting optimization to BHHH)
Iteration 0:   log likelihood = -286.69235  
Iteration 1:   log likelihood = -286.69022  
Iteration 2:   log likelihood =    -286.69  
Iteration 3:   log likelihood = -286.68997  
Iteration 4:   log likelihood = -286.68997  

ARIMA regression

Sample:  Feb 91 - May 07                        Number of obs      =       196
                                                Wald chi2(2)       =     40.65
Log likelihood =   -286.69                      Prob > chi2        =    0.0000

------------------------------------------------------------------------------
             |                 OPG
         dhp |      Coef.   Std. Err.      z    P>|z|     [95% Conf. Interval]
-------------+----------------------------------------------------------------
dhp          |
       _cons |   .6357626   .1490444     4.27   0.000      .343641    .9278843
-------------+----------------------------------------------------------------
ARMA         |
          ar |
         L1. |   .1683468   .0598291     2.81   0.005     .0510839    .2856098
         L2. |    .329707   .0560706     5.88   0.000     .2198106    .4396034
-------------+----------------------------------------------------------------
      /sigma |   1.043935   .0528492    19.75   0.000     .9403523    1.147517
------------------------------------------------------------------------------

. predict res_AR2, residuals
(1 missing value generated)

. tsline res_AR2, lwidth(thick) xtitle(,margin(t+2)) ylabel(-4(1)4)

. ac res_AR2

. pac res_AR2

. corrgram res_AR2

                                          -1       0       1 -1       0       1
 LAG       AC       PAC      Q     Prob>Q  [Autocorrelation]  [Partial Autocor]
-------------------------------------------------------------------------------
1       -0.0074  -0.0074   .01091  0.9168          |                  |        
2        0.0052   0.0052   .01623  0.9919          |                  |        
3        0.0271   0.0274    .1635  0.9833          |                  |        
4       -0.0468  -0.0470   .60594  0.9624          |                  |        
5        0.0140   0.0128   .64553  0.9858          |                  |        
6        0.0034   0.0043   .64794  0.9955          |                  |        
7       -0.0634  -0.0606   1.4732  0.9832          |                  |        
8        0.0190   0.0142   1.5478  0.9919          |                  |        
9        0.1113   0.1184   4.1171  0.9035          |                  |        
10      -0.0433  -0.0384   4.5089  0.9215          |                  |        
11       0.1478   0.1426   9.0923  0.6134          |-                 |-       
12       0.2403   0.2535   21.267  0.0466          |-                 |--      
13       0.1601   0.2133   26.705  0.0136          |-                 |-       
14      -0.0595  -0.0721   27.459  0.0168          |                  |        
15      -0.0049  -0.0078   27.464  0.0252          |                  |        
16       0.0858   0.1479   29.051  0.0236          |                  |-       
17      -0.1351  -0.1285   33.008  0.0112         -|                 -|        
18       0.0470   0.0292    33.49  0.0146          |                  |        
19      -0.0782  -0.0428   34.832  0.0146          |                  |        
20       0.0565   0.0608   35.537  0.0174          |                  |        
21       0.0034  -0.0895   35.539  0.0246          |                  |        
22       0.0168   0.0002   35.602  0.0335          |                  |        
23       0.0453   0.0291   36.063  0.0406          |                  |        
24       0.2307   0.1397   48.071  0.0025          |-                 |-       
25       0.1084   0.0630   50.737  0.0017          |                  |        
26      -0.0015   0.0867   50.737  0.0026          |                  |        
27      -0.0324  -0.0684   50.978  0.0035          |                  |        
28       0.0220   0.0406    51.09  0.0049          |                  |        
29      -0.0158  -0.0236   51.148  0.0068          |                  |        
30      -0.1233  -0.0892   54.701  0.0038          |                  |        
31      -0.0018  -0.0259   54.702  0.0054          |                  |        
32       0.0022   0.0098   54.703  0.0075          |                  |        
33       0.0362  -0.0032   55.015  0.0095          |                  |        
34       0.0316  -0.0026   55.254  0.0120          |                  |        
35       0.0775   0.0738   56.701  0.0116          |                  |        
36       0.1934   0.1302   65.769  0.0018          |-                 |-       
37       0.0694   0.0109   66.945  0.0018          |                  |        
38      -0.0270  -0.0184   67.124  0.0025          |                  |        
39      -0.0823  -0.0669   68.799  0.0023          |                  |        
40       0.1028   0.1321   71.429  0.0016          |                  |-       

. wntestq res_AR2, lags(12)

Portmanteau test for white noise
---------------------------------------
 Portmanteau (Q) statistic =    21.2675
 Prob > chi2(12)           =     0.0466

. di 1-chi2(12, 21.2675)
.0465979

. di 1-chi2(10, 21.2675)
.01930359

. 
. arima dhp, ar(1) ma(1)

(setting optimization to BHHH)
Iteration 0:   log likelihood = -296.36196  
Iteration 1:   log likelihood = -291.88134  
Iteration 2:   log likelihood = -290.34819  
Iteration 3:   log likelihood = -290.30215  
Iteration 4:   log likelihood = -290.28595  
(switching optimization to BFGS)
Iteration 5:   log likelihood = -290.27662  
Iteration 6:   log likelihood = -290.26017  
Iteration 7:   log likelihood =  -290.2582  
Iteration 8:   log likelihood = -290.25792  
Iteration 9:   log likelihood = -290.25792  

ARIMA regression

Sample:  Feb 91 - May 07                        Number of obs      =       196
                                                Wald chi2(2)       =    455.46
Log likelihood = -290.2579                      Prob > chi2        =    0.0000

------------------------------------------------------------------------------
             |                 OPG
         dhp |      Coef.   Std. Err.      z    P>|z|     [95% Conf. Interval]
-------------+----------------------------------------------------------------
dhp          |
       _cons |   .6341564   .2159352     2.94   0.003     .2109312    1.057382
-------------+----------------------------------------------------------------
ARMA         |
          ar |
         L1. |   .9181099   .0489344    18.76   0.000     .8222002     1.01402
             |
          ma |
         L1. |  -.7645817    .082139    -9.31   0.000    -.9255711   -.6035923
-------------+----------------------------------------------------------------
      /sigma |   1.063106   .0507664    20.94   0.000     .9636055    1.162606
------------------------------------------------------------------------------

. predict res_ARMA11, residuals
(1 missing value generated)

. tsline res_ARMA11, lwidth(thick) xtitle(,margin(t+2)) ylabel(-4(1)4)

. ac res_ARMA11

. pac res_ARMA11

. corrgram res_ARMA11

                                          -1       0       1 -1       0       1
 LAG       AC       PAC      Q     Prob>Q  [Autocorrelation]  [Partial Autocor]
-------------------------------------------------------------------------------
1       -0.0051  -0.0051    .0052  0.9425          |                  |        
2        0.1858   0.1869   6.9125  0.0315          |-                 |-       
3       -0.0544  -0.0566   7.5073  0.0574          |                  |        
4       -0.0856  -0.1275   8.9892  0.0614          |                 -|        
5       -0.0960  -0.0816    10.86  0.0542          |                  |        
6       -0.0987  -0.0577   12.849  0.0455          |                  |        
7       -0.1235  -0.1019   15.981  0.0253          |                  |        
8       -0.0618  -0.0567    16.77  0.0326          |                  |        
9        0.0723   0.0974   17.855  0.0369          |                  |        
10      -0.0267  -0.0366   18.004  0.0549          |                  |        
11       0.1778   0.1145   24.635  0.0103          |-                 |        
12       0.2036   0.2208   33.377  0.0008          |-                 |-       
13       0.1653   0.1370   39.174  0.0002          |-                 |-       
14      -0.0198  -0.1069   39.257  0.0003          |                  |        
15      -0.0504  -0.0820   39.801  0.0005          |                  |        
16       0.0345   0.1672   40.058  0.0008          |                  |-       
17      -0.2132  -0.1381   49.912  0.0000         -|                 -|        
18       0.0140   0.0085   49.955  0.0001          |                  |        
19      -0.1661  -0.0312   56.002  0.0000         -|                  |        
20       0.0378   0.0519   56.317  0.0000          |                  |        
21      -0.0432  -0.0766   56.731  0.0000          |                  |        
22       0.0668   0.0225   57.726  0.0000          |                  |        
23       0.0548   0.0571   58.401  0.0001          |                  |        
24       0.2363   0.1485   70.997  0.0000          |-                 |-       
25       0.1016   0.0372    73.34  0.0000          |                  |        
26       0.0334   0.0564   73.595  0.0000          |                  |        
27      -0.0439  -0.0821   74.038  0.0000          |                  |        
28      -0.0418   0.0108   74.442  0.0000          |                  |        
29      -0.0686  -0.0137   75.534  0.0000          |                  |        
30      -0.1646  -0.0868   81.869  0.0000         -|                  |        
31      -0.0423  -0.0104   82.289  0.0000          |                  |        
32      -0.0396   0.0383    82.66  0.0000          |                  |        
33       0.0356   0.0167   82.961  0.0000          |                  |        
34       0.0672   0.0313   84.043  0.0000          |                  |        
35       0.1019   0.0753   86.545  0.0000          |                  |        
36       0.2052   0.1349    96.76  0.0000          |-                 |-       
37       0.0682  -0.0163   97.896  0.0000          |                  |        
38       0.0287  -0.0051   98.099  0.0000          |                  |        
39      -0.0926  -0.0528   100.22  0.0000          |                  |        
40       0.0588   0.1403   101.08  0.0000          |                  |-       

. 
. arima dhp, ar(1/2) ma(1)

(setting optimization to BHHH)
Iteration 0:   log likelihood = -288.80236  
Iteration 1:   log likelihood = -286.84938  
Iteration 2:   log likelihood = -286.64469  
Iteration 3:   log likelihood = -286.63734  
Iteration 4:   log likelihood = -286.63684  
(switching optimization to BFGS)
Iteration 5:   log likelihood = -286.63668  
Iteration 6:   log likelihood = -286.63658  
Iteration 7:   log likelihood = -286.63658  

ARIMA regression

Sample:  Feb 91 - May 07                        Number of obs      =       196
                                                Wald chi2(3)       =     42.49
Log likelihood = -286.6366                      Prob > chi2        =    0.0000

------------------------------------------------------------------------------
             |                 OPG
         dhp |      Coef.   Std. Err.      z    P>|z|     [95% Conf. Interval]
-------------+----------------------------------------------------------------
dhp          |
       _cons |    .635991   .1524713     4.17   0.000     .3371529    .9348292
-------------+----------------------------------------------------------------
ARMA         |
          ar |
         L1. |   .2253722   .2168956     1.04   0.299    -.1997353    .6504797
         L2. |   .3153073   .0671975     4.69   0.000     .1836026     .447012
             |
          ma |
         L1. |  -.0640492   .2266843    -0.28   0.778    -.5083422    .3802439
-------------+----------------------------------------------------------------
      /sigma |    1.04366   .0528459    19.75   0.000     .9400841    1.147236
------------------------------------------------------------------------------

. predict res_ARMA21, residuals
(1 missing value generated)

. ac res_ARMA21

. pac res_ARMA21

. corrgram res_ARMA21

                                          -1       0       1 -1       0       1
 LAG       AC       PAC      Q     Prob>Q  [Autocorrelation]  [Partial Autocor]
-------------------------------------------------------------------------------
1        0.0003   0.0003   2.0e-05 0.9964          |                  |        
2        0.0098   0.0099   .01942  0.9903          |                  |        
3        0.0086   0.0086   .03436  0.9983          |                  |        
4       -0.0492  -0.0500   .52389  0.9711          |                  |        
5        0.0057   0.0054   .53042  0.9910          |                  |        
6       -0.0030  -0.0007   .53231  0.9974          |                  |        
7       -0.0656  -0.0646   1.4163  0.9851          |                  |        
8        0.0138   0.0102   1.4554  0.9934          |                  |        
9        0.1063   0.1130   3.7997  0.9241          |                  |        
10      -0.0422  -0.0413   4.1705  0.9393          |                  |        
11       0.1508   0.1454   8.9431  0.6271          |-                 |-       
12       0.2410   0.2557   21.191  0.0477          |-                 |--      
13       0.1610   0.2069   26.689  0.0137          |-                 |-       
14      -0.0575  -0.0693   27.395  0.0171          |                  |        
15      -0.0105  -0.0042   27.419  0.0255          |                  |        
16       0.0811   0.1534   28.836  0.0251          |                  |-       
17      -0.1379  -0.1296    32.96  0.0114         -|                 -|        
18       0.0436   0.0323   33.374  0.0150          |                  |        
19      -0.0826  -0.0403   34.871  0.0145          |                  |        
20       0.0560   0.0580   35.563  0.0173          |                  |        
21      -0.0019  -0.0915   35.563  0.0245          |                  |        
22       0.0185  -0.0001    35.64  0.0332          |                  |        
23       0.0465   0.0305   36.126  0.0400          |                  |        
24       0.2332   0.1401   48.392  0.0023          |-                 |-       
25       0.1095   0.0623   51.115  0.0015          |                  |        
26       0.0000   0.0862   51.115  0.0023          |                  |        
27      -0.0345  -0.0657   51.388  0.0031          |                  |        
28       0.0174   0.0423   51.458  0.0044          |                  |        
29      -0.0196  -0.0230   51.548  0.0061          |                  |        
30      -0.1259  -0.0897   55.252  0.0033         -|                  |        
31      -0.0058  -0.0248    55.26  0.0047          |                  |        
32      -0.0002   0.0088    55.26  0.0065          |                  |        
33       0.0350  -0.0066   55.552  0.0083          |                  |        
34       0.0328  -0.0015    55.81  0.0106          |                  |        
35       0.0804   0.0742   57.369  0.0099          |                  |        
36       0.1957   0.1311   66.657  0.0014          |-                 |-       
37       0.0690   0.0071   67.818  0.0015          |                  |        
38      -0.0261  -0.0164   67.985  0.0020          |                  |        
39      -0.0839  -0.0627   69.723  0.0018          |                  |        
40       0.1008   0.1352    72.25  0.0013          |                  |-       

. 
. arima dhp, ar(2) ma(1)

(setting optimization to BHHH)
Iteration 0:   log likelihood = -288.55021  
Iteration 1:   log likelihood = -287.42437  
Iteration 2:   log likelihood =  -287.3816  
Iteration 3:   log likelihood =  -287.3749  
Iteration 4:   log likelihood = -287.37409  
(switching optimization to BFGS)
Iteration 5:   log likelihood = -287.37396  
Iteration 6:   log likelihood = -287.37394  

ARIMA regression

Sample:  Feb 91 - May 07                        Number of obs      =       196
                                                Wald chi2(2)       =     38.42
Log likelihood = -287.3739                      Prob > chi2        =    0.0000

------------------------------------------------------------------------------
             |                 OPG
         dhp |      Coef.   Std. Err.      z    P>|z|     [95% Conf. Interval]
-------------+----------------------------------------------------------------
dhp          |
       _cons |   .6352416   .1350888     4.70   0.000     .3704725    .9000107
-------------+----------------------------------------------------------------
ARMA         |
          ar |
         L2. |   .3555611   .0575959     6.17   0.000     .2426752     .468447
             |
          ma |
         L1. |   .1586386   .0617281     2.57   0.010     .0376538    .2796234
-------------+----------------------------------------------------------------
      /sigma |   1.047677   .0532038    19.69   0.000     .9433994    1.151954
------------------------------------------------------------------------------

. predict res_ARMA21_r, residuals
(1 missing value generated)

. ac res_ARMA21_r

. pac res_ARMA21_r

. corrgram res_ARMA21_r

                                          -1       0       1 -1       0       1
 LAG       AC       PAC      Q     Prob>Q  [Autocorrelation]  [Partial Autocor]
-------------------------------------------------------------------------------
1        0.0007   0.0007   8.6e-05 0.9926          |                  |        
2        0.0092   0.0092   .01684  0.9916          |                  |        
3        0.0838   0.0845   1.4292  0.6987          |                  |        
4       -0.0441  -0.0451   1.8218  0.7685          |                  |        
5        0.0368   0.0352   2.0976  0.8355          |                  |        
6        0.0192   0.0128   2.1725  0.9032          |                  |        
7       -0.0550  -0.0476   2.7938  0.9034          |                  |        
8        0.0344   0.0260   3.0387  0.9319          |                  |        
9        0.1264   0.1343   6.3537  0.7041          |-                 |-       
10      -0.0337  -0.0266    6.591  0.7634          |                  |        
11       0.1504   0.1427   11.334  0.4157          |-                 |-       
12       0.2450   0.2451   23.994  0.0204          |-                 |-       
13       0.1662   0.2219   29.853  0.0049          |-                 |-       
14      -0.0546  -0.0913   30.489  0.0065          |                  |        
15       0.0133  -0.0162   30.527  0.0102          |                  |        
16       0.0939   0.1281   32.427  0.0088          |                  |-       
17      -0.1252  -0.1264   35.827  0.0048         -|                 -|        
18       0.0526   0.0202   36.429  0.0062          |                  |        
19      -0.0646  -0.0473   37.344  0.0072          |                  |        
20       0.0551   0.0673   38.012  0.0088          |                  |        
21       0.0217  -0.0839   38.117  0.0125          |                  |        
22       0.0178   0.0071   38.187  0.0175          |                  |        
23       0.0525   0.0321   38.806  0.0208          |                  |        
24       0.2276   0.1407   50.495  0.0012          |-                 |-       
25       0.1126   0.0613    53.37  0.0008          |                  |        
26       0.0014   0.0835    53.37  0.0012          |                  |        
27      -0.0238  -0.0804     53.5  0.0018          |                  |        
28       0.0306   0.0349   53.716  0.0024          |                  |        
29      -0.0091  -0.0292   53.736  0.0035          |                  |        
30      -0.1163  -0.0870     56.9  0.0021          |                  |        
31       0.0065  -0.0261   56.909  0.0031          |                  |        
32       0.0077   0.0158   56.923  0.0043          |                  |        
33       0.0421   0.0085   57.345  0.0054          |                  |        
34       0.0357  -0.0013    57.65  0.0069          |                  |        
35       0.0778   0.0767    59.11  0.0066          |                  |        
36       0.1904   0.1238   67.904  0.0010          |-                 |        
37       0.0761   0.0158   69.316  0.0010          |                  |        
38      -0.0241  -0.0275   69.459  0.0014          |                  |        
39      -0.0742  -0.0742   70.821  0.0014          |                  |        
40       0.1029   0.1243   73.454  0.0010          |                  |        

. 
. arima dhp, ar(1) ma(1/2)

(setting optimization to BHHH)
Iteration 0:   log likelihood = -288.51114  
Iteration 1:   log likelihood = -286.92419  
Iteration 2:   log likelihood = -286.83798  
Iteration 3:   log likelihood = -286.82954  
Iteration 4:   log likelihood = -286.82868  
(switching optimization to BFGS)
Iteration 5:   log likelihood = -286.82861  
Iteration 6:   log likelihood =  -286.8286  

ARIMA regression

Sample:  Feb 91 - May 07                        Number of obs      =       196
                                                Wald chi2(3)       =     48.22
Log likelihood = -286.8286                      Prob > chi2        =    0.0000

------------------------------------------------------------------------------
             |                 OPG
         dhp |      Coef.   Std. Err.      z    P>|z|     [95% Conf. Interval]
-------------+----------------------------------------------------------------
dhp          |
       _cons |   .6344961   .1396306     4.54   0.000     .3608251     .908167
-------------+----------------------------------------------------------------
ARMA         |
          ar |
         L1. |   .4854394   .1927502     2.52   0.012     .1076559    .8632228
             |
          ma |
         L1. |  -.3153897   .1935448    -1.63   0.103    -.6947305    .0639511
         L2. |   .2662404   .0708039     3.76   0.000     .1274672    .4050135
-------------+----------------------------------------------------------------
      /sigma |   1.044688   .0517316    20.19   0.000     .9432962     1.14608
------------------------------------------------------------------------------

. predict res_ARMA12, residuals
(1 missing value generated)

. ac res_ARMA12

. pac res_ARMA12

. 
. arima dhp, ar(1) ma(2)

(setting optimization to BHHH)
Iteration 0:   log likelihood = -290.09717  
Iteration 1:   log likelihood = -288.01529  
Iteration 2:   log likelihood =  -287.7858  
Iteration 3:   log likelihood = -287.75453  
Iteration 4:   log likelihood = -287.74996  
(switching optimization to BFGS)
Iteration 5:   log likelihood =  -287.7493  
Iteration 6:   log likelihood = -287.74919  
Iteration 7:   log likelihood = -287.74919  

ARIMA regression

Sample:  Feb 91 - May 07                        Number of obs      =       196
                                                Wald chi2(2)       =     31.18
Log likelihood = -287.7492                      Prob > chi2        =    0.0000

------------------------------------------------------------------------------
             |                 OPG
         dhp |      Coef.   Std. Err.      z    P>|z|     [95% Conf. Interval]
-------------+----------------------------------------------------------------
dhp          |
       _cons |   .6340071   .1222995     5.18   0.000     .3943046    .8737097
-------------+----------------------------------------------------------------
ARMA         |
          ar |
         L1. |   .1801908   .0628683     2.87   0.004     .0569712    .3034103
             |
          ma |
         L2. |   .3197025   .0624461     5.12   0.000     .1973105    .4420946
-------------+----------------------------------------------------------------
      /sigma |   1.049677   .0534377    19.64   0.000     .9449412    1.154413
------------------------------------------------------------------------------

. predict res_ARMA12_r, residuals
(1 missing value generated)

. ac res_ARMA12_r

. pac res_ARMA12_r

. 
. arima dhp, ar(1/2)

(setting optimization to BHHH)
Iteration 0:   log likelihood = -286.69235  
Iteration 1:   log likelihood = -286.69022  
Iteration 2:   log likelihood =    -286.69  
Iteration 3:   log likelihood = -286.68997  
Iteration 4:   log likelihood = -286.68997  

ARIMA regression

Sample:  Feb 91 - May 07                        Number of obs      =       196
                                                Wald chi2(2)       =     40.65
Log likelihood =   -286.69                      Prob > chi2        =    0.0000

------------------------------------------------------------------------------
             |                 OPG
         dhp |      Coef.   Std. Err.      z    P>|z|     [95% Conf. Interval]
-------------+----------------------------------------------------------------
dhp          |
       _cons |   .6357626   .1490444     4.27   0.000      .343641    .9278843
-------------+----------------------------------------------------------------
ARMA         |
          ar |
         L1. |   .1683468   .0598291     2.81   0.005     .0510839    .2856098
         L2. |    .329707   .0560706     5.88   0.000     .2198106    .4396034
-------------+----------------------------------------------------------------
      /sigma |   1.043935   .0528492    19.75   0.000     .9403523    1.147517
------------------------------------------------------------------------------

. ereturn list

scalars:
                 e(rc) =  0
                 e(ll) =  -286.6899659250654
          e(converged) =  1
               e(rank) =  4
                  e(k) =  4
               e(k_dv) =  1
                 e(ic) =  4
                  e(N) =  196
         e(k_eq_model) =  1
              e(sigma) =  1.043934838791808
                  e(p) =  .
               e(df_m) =  2
               e(chi2) =  40.65163083658213
                 e(k1) =  1
               e(tmin) =  373
               e(tmax) =  568
               e(k_eq) =  3
             e(N_gaps) =  0
             e(ar_max) =  2
             e(ma_max) =  0

macros:
                e(cmd) : "arima"
              e(k_aux) : "1"
            e(cmdline) : "arima dhp, ar(1/2)"
            e(predict) : "arima_p"
          e(estat_cmd) : "arima_estat"
         e(covariates) : "_NONE"
       e(marginsnotok) : "stdp mse Residuals YResiduals"
          e(marginsok) : "xb y default"
                 e(ar) : "1 2"
            e(eqnames) : "dhp AR1_terms AR1_terms SIGMA"
            e(seasons) : "1"
              e(tmaxs) : "May 07"
              e(tmins) : "Feb 91"
           e(chi2type) : "Wald"
            e(vcetype) : "OPG"
                e(vce) : "opg"
                e(opt) : "ml"
              e(title) : "ARIMA regression"
             e(depvar) : "dhp"
          e(ml_method) : "rdu0"
               e(user) : "arima_dr"
           e(crittype) : "log likelihood"
          e(technique) : "bhhh bfgs"
         e(tech_steps) : "5 10"
         e(properties) : "b V"

matrices:
                  e(b) :  1 x 4
                  e(V) :  4 x 4
           e(gradient) :  1 x 4
               e(ilog) :  1 x 20

functions:
             e(sample)   

. di e(sigma)
1.0439348

. di e(ar_max)
2

. di e(ma_max)
0

. 
. arima dhp, ar(1/2)

(setting optimization to BHHH)
Iteration 0:   log likelihood = -286.69235  
Iteration 1:   log likelihood = -286.69022  
Iteration 2:   log likelihood =    -286.69  
Iteration 3:   log likelihood = -286.68997  
Iteration 4:   log likelihood = -286.68997  

ARIMA regression

Sample:  Feb 91 - May 07                        Number of obs      =       196
                                                Wald chi2(2)       =     40.65
Log likelihood =   -286.69                      Prob > chi2        =    0.0000

------------------------------------------------------------------------------
             |                 OPG
         dhp |      Coef.   Std. Err.      z    P>|z|     [95% Conf. Interval]
-------------+----------------------------------------------------------------
dhp          |
       _cons |   .6357626   .1490444     4.27   0.000      .343641    .9278843
-------------+----------------------------------------------------------------
ARMA         |
          ar |
         L1. |   .1683468   .0598291     2.81   0.005     .0510839    .2856098
         L2. |    .329707   .0560706     5.88   0.000     .2198106    .4396034
-------------+----------------------------------------------------------------
      /sigma |   1.043935   .0528492    19.75   0.000     .9403523    1.147517
------------------------------------------------------------------------------

. local AIC_AR2 = log((e(sigma))^2)+(2*((e(ar_max)+e(ma_max))/e(N)))

. local BIC_AR2 = log((e(sigma))^2)+((e(ar_max)+e(ma_max))/e(N))*log(e(N))

. 
. arima dhp, ar(1) ma(1)

(setting optimization to BHHH)
Iteration 0:   log likelihood = -296.36196  
Iteration 1:   log likelihood = -291.88134  
Iteration 2:   log likelihood = -290.34819  
Iteration 3:   log likelihood = -290.30215  
Iteration 4:   log likelihood = -290.28595  
(switching optimization to BFGS)
Iteration 5:   log likelihood = -290.27662  
Iteration 6:   log likelihood = -290.26017  
Iteration 7:   log likelihood =  -290.2582  
Iteration 8:   log likelihood = -290.25792  
Iteration 9:   log likelihood = -290.25792  

ARIMA regression

Sample:  Feb 91 - May 07                        Number of obs      =       196
                                                Wald chi2(2)       =    455.46
Log likelihood = -290.2579                      Prob > chi2        =    0.0000

------------------------------------------------------------------------------
             |                 OPG
         dhp |      Coef.   Std. Err.      z    P>|z|     [95% Conf. Interval]
-------------+----------------------------------------------------------------
dhp          |
       _cons |   .6341564   .2159352     2.94   0.003     .2109312    1.057382
-------------+----------------------------------------------------------------
ARMA         |
          ar |
         L1. |   .9181099   .0489344    18.76   0.000     .8222002     1.01402
             |
          ma |
         L1. |  -.7645817    .082139    -9.31   0.000    -.9255711   -.6035923
-------------+----------------------------------------------------------------
      /sigma |   1.063106   .0507664    20.94   0.000     .9636055    1.162606
------------------------------------------------------------------------------

. local AIC_ARMA11 = log((e(sigma))^2)+(2*((e(ar_max)+e(ma_max))/e(N)))

. local BIC_ARMA11 = log((e(sigma))^2)+((e(ar_max)+e(ma_max))/e(N))*log(e(N))

. 
. arima dhp, ar(1/2) ma(1)

(setting optimization to BHHH)
Iteration 0:   log likelihood = -288.80236  
Iteration 1:   log likelihood = -286.84938  
Iteration 2:   log likelihood = -286.64469  
Iteration 3:   log likelihood = -286.63734  
Iteration 4:   log likelihood = -286.63684  
(switching optimization to BFGS)
Iteration 5:   log likelihood = -286.63668  
Iteration 6:   log likelihood = -286.63658  
Iteration 7:   log likelihood = -286.63658  

ARIMA regression

Sample:  Feb 91 - May 07                        Number of obs      =       196
                                                Wald chi2(3)       =     42.49
Log likelihood = -286.6366                      Prob > chi2        =    0.0000

------------------------------------------------------------------------------
             |                 OPG
         dhp |      Coef.   Std. Err.      z    P>|z|     [95% Conf. Interval]
-------------+----------------------------------------------------------------
dhp          |
       _cons |    .635991   .1524713     4.17   0.000     .3371529    .9348292
-------------+----------------------------------------------------------------
ARMA         |
          ar |
         L1. |   .2253722   .2168956     1.04   0.299    -.1997353    .6504797
         L2. |   .3153073   .0671975     4.69   0.000     .1836026     .447012
             |
          ma |
         L1. |  -.0640492   .2266843    -0.28   0.778    -.5083422    .3802439
-------------+----------------------------------------------------------------
      /sigma |    1.04366   .0528459    19.75   0.000     .9400841    1.147236
------------------------------------------------------------------------------

. local AIC_ARMA21 = log((e(sigma))^2)+(2*((e(ar_max)+e(ma_max))/e(N)))

. local BIC_ARMA21 = log((e(sigma))^2)+((e(ar_max)+e(ma_max))/e(N))*log(e(N))

. 
. arima dhp, ar(2) ma(1)

(setting optimization to BHHH)
Iteration 0:   log likelihood = -288.55021  
Iteration 1:   log likelihood = -287.42437  
Iteration 2:   log likelihood =  -287.3816  
Iteration 3:   log likelihood =  -287.3749  
Iteration 4:   log likelihood = -287.37409  
(switching optimization to BFGS)
Iteration 5:   log likelihood = -287.37396  
Iteration 6:   log likelihood = -287.37394  

ARIMA regression

Sample:  Feb 91 - May 07                        Number of obs      =       196
                                                Wald chi2(2)       =     38.42
Log likelihood = -287.3739                      Prob > chi2        =    0.0000

------------------------------------------------------------------------------
             |                 OPG
         dhp |      Coef.   Std. Err.      z    P>|z|     [95% Conf. Interval]
-------------+----------------------------------------------------------------
dhp          |
       _cons |   .6352416   .1350888     4.70   0.000     .3704725    .9000107
-------------+----------------------------------------------------------------
ARMA         |
          ar |
         L2. |   .3555611   .0575959     6.17   0.000     .2426752     .468447
             |
          ma |
         L1. |   .1586386   .0617281     2.57   0.010     .0376538    .2796234
-------------+----------------------------------------------------------------
      /sigma |   1.047677   .0532038    19.69   0.000     .9433994    1.151954
------------------------------------------------------------------------------

. local AIC_ARMA21_r = log((e(sigma))^2)+(2*(((e(ar_max)-1)+e(ma_max))/e(N)))

. local BIC_ARMA21_r = log((e(sigma))^2)+(((e(ar_max)-1)+e(ma_max))/e(N))*log(e(N))

. 
. arima dhp, ar(1) ma(1/2)

(setting optimization to BHHH)
Iteration 0:   log likelihood = -288.51114  
Iteration 1:   log likelihood = -286.92419  
Iteration 2:   log likelihood = -286.83798  
Iteration 3:   log likelihood = -286.82954  
Iteration 4:   log likelihood = -286.82868  
(switching optimization to BFGS)
Iteration 5:   log likelihood = -286.82861  
Iteration 6:   log likelihood =  -286.8286  

ARIMA regression

Sample:  Feb 91 - May 07                        Number of obs      =       196
                                                Wald chi2(3)       =     48.22
Log likelihood = -286.8286                      Prob > chi2        =    0.0000

------------------------------------------------------------------------------
             |                 OPG
         dhp |      Coef.   Std. Err.      z    P>|z|     [95% Conf. Interval]
-------------+----------------------------------------------------------------
dhp          |
       _cons |   .6344961   .1396306     4.54   0.000     .3608251     .908167
-------------+----------------------------------------------------------------
ARMA         |
          ar |
         L1. |   .4854394   .1927502     2.52   0.012     .1076559    .8632228
             |
          ma |
         L1. |  -.3153897   .1935448    -1.63   0.103    -.6947305    .0639511
         L2. |   .2662404   .0708039     3.76   0.000     .1274672    .4050135
-------------+----------------------------------------------------------------
      /sigma |   1.044688   .0517316    20.19   0.000     .9432962     1.14608
------------------------------------------------------------------------------

. local AIC_ARMA12 = log((e(sigma))^2)+(2*((e(ar_max)+e(ma_max))/e(N)))

. local BIC_ARMA12 = log((e(sigma))^2)+((e(ar_max)+e(ma_max))/e(N))*log(e(N))

. 
. arima dhp, ar(1) ma(2)

(setting optimization to BHHH)
Iteration 0:   log likelihood = -290.09717  
Iteration 1:   log likelihood = -288.01529  
Iteration 2:   log likelihood =  -287.7858  
Iteration 3:   log likelihood = -287.75453  
Iteration 4:   log likelihood = -287.74996  
(switching optimization to BFGS)
Iteration 5:   log likelihood =  -287.7493  
Iteration 6:   log likelihood = -287.74919  
Iteration 7:   log likelihood = -287.74919  

ARIMA regression

Sample:  Feb 91 - May 07                        Number of obs      =       196
                                                Wald chi2(2)       =     31.18
Log likelihood = -287.7492                      Prob > chi2        =    0.0000

------------------------------------------------------------------------------
             |                 OPG
         dhp |      Coef.   Std. Err.      z    P>|z|     [95% Conf. Interval]
-------------+----------------------------------------------------------------
dhp          |
       _cons |   .6340071   .1222995     5.18   0.000     .3943046    .8737097
-------------+----------------------------------------------------------------
ARMA         |
          ar |
         L1. |   .1801908   .0628683     2.87   0.004     .0569712    .3034103
             |
          ma |
         L2. |   .3197025   .0624461     5.12   0.000     .1973105    .4420946
-------------+----------------------------------------------------------------
      /sigma |   1.049677   .0534377    19.64   0.000     .9449412    1.154413
------------------------------------------------------------------------------

. local AIC_ARMA12_r = log((e(sigma))^2)+(2*((e(ar_max)+(e(ma_max)-1))/e(N)))

. local BIC_ARMA12_r = log((e(sigma))^2)+((e(ar_max)+(e(ma_max)-1))/e(N))*log(e(N))

. 
. 
. di "AIC_AR2:      " `AIC_AR2'
AIC_AR2:      .10640231

. di "AIC_ARMA11:   " `AIC_ARMA11'
AIC_ARMA11:   .14279733

. di "AIC_ARMA21:   " `AIC_ARMA21'
AIC_ARMA21:   .11608015

. di "AIC_ARMA21_r: " `AIC_ARMA21_r'
AIC_ARMA21_r: .11355855

. di "AIC_ARMA12:   " `AIC_ARMA12'
AIC_ARMA12:   .11804919

. di "AIC_ARMA12_r: " `AIC_ARMA12_r'
AIC_ARMA12_r: .1173732

. 
. di "BIC_AR2:      " `BIC_AR2'
BIC_AR2:      .13985246

. di "BIC_ARMA11:   " `BIC_ARMA11'
BIC_ARMA11:   .17624748

. di "BIC_ARMA21:   " `BIC_ARMA21'
BIC_ARMA21:   .16625538

. di "BIC_ARMA21_r: " `BIC_ARMA21_r'
BIC_ARMA21_r: .1470087

. di "BIC_ARMA12:   " `BIC_ARMA12'
BIC_ARMA12:   .16822441

. di "BIC_ARMA12_r: " `BIC_ARMA12_r'
BIC_ARMA12_r: .15082335

. 
. arima dhp, ar(1/2)

(setting optimization to BHHH)
Iteration 0:   log likelihood = -286.69235  
Iteration 1:   log likelihood = -286.69022  
Iteration 2:   log likelihood =    -286.69  
Iteration 3:   log likelihood = -286.68997  
Iteration 4:   log likelihood = -286.68997  

ARIMA regression

Sample:  Feb 91 - May 07                        Number of obs      =       196
                                                Wald chi2(2)       =     40.65
Log likelihood =   -286.69                      Prob > chi2        =    0.0000

------------------------------------------------------------------------------
             |                 OPG
         dhp |      Coef.   Std. Err.      z    P>|z|     [95% Conf. Interval]
-------------+----------------------------------------------------------------
dhp          |
       _cons |   .6357626   .1490444     4.27   0.000      .343641    .9278843
-------------+----------------------------------------------------------------
ARMA         |
          ar |
         L1. |   .1683468   .0598291     2.81   0.005     .0510839    .2856098
         L2. |    .329707   .0560706     5.88   0.000     .2198106    .4396034
-------------+----------------------------------------------------------------
      /sigma |   1.043935   .0528492    19.75   0.000     .9403523    1.147517
------------------------------------------------------------------------------

. arima dhp if time < 564, ar(1/2)

(setting optimization to BHHH)
Iteration 0:   log likelihood = -280.12145  
Iteration 1:   log likelihood = -280.11931  
Iteration 2:   log likelihood =  -280.1191  
Iteration 3:   log likelihood = -280.11906  
Iteration 4:   log likelihood = -280.11906  

ARIMA regression

Sample:  Feb 91 - Dec 06                        Number of obs      =       191
                                                Wald chi2(2)       =     41.24
Log likelihood = -280.1191                      Prob > chi2        =    0.0000

------------------------------------------------------------------------------
             |                 OPG
         dhp |      Coef.   Std. Err.      z    P>|z|     [95% Conf. Interval]
-------------+----------------------------------------------------------------
dhp          |
       _cons |   .6291755   .1536857     4.09   0.000      .327957    .9303939
-------------+----------------------------------------------------------------
ARMA         |
          ar |
         L1. |   .1665986   .0604824     2.75   0.006     .0480552     .285142
         L2. |   .3380952     .05664     5.97   0.000     .2270828    .4491076
-------------+----------------------------------------------------------------
      /sigma |   1.047946   .0536005    19.55   0.000     .9428913    1.153001
------------------------------------------------------------------------------

. predict forecast_AR2, xb 

. predict forecast_AR2_dyn, xb dynamic(564)

. list time dhp forecast_AR2 forecast_AR2_dyn in 193/197

     +-----------------------------------------+
     |   time        dhp   foreca~2   foreca~n |
     |-----------------------------------------|
193. | Jan 07   -.299863   .9733318   .9733318 |
194. | Feb 07   .8549574   .5681891   .7803016 |
195. | Mar 07   1.360572    .352687   .7707105 |
196. | Apr 07   1.824568   .8273608     .70385 |
197. | May 07   .7043269   1.075608   .6894684 |
     +-----------------------------------------+

. 
. twoway scatter dhp forecast_AR2_dyn time if time >=552, c(l l) lwidth(thick thick) msize(medlarge medlarge) ///
>                                                         xline(564, lcolor(black) lpattern(dash)) ///
>                                                         yline(.6291755)

. 
. gen forecast_error_AR2 = (dhp-forecast_AR2_dyn) / dhp in 193/197
(192 missing values generated)

. list time dhp forecast_AR2_dyn forecast_error_AR2 in 193/197

     +-----------------------------------------+
     |   time        dhp   foreca~n   fo~r_AR2 |
     |-----------------------------------------|
193. | Jan 07   -.299863   .9733318   4.245922 |
194. | Feb 07   .8549574   .7803016   .0873211 |
195. | Mar 07   1.360572   .7707105   .4335392 |
196. | Apr 07   1.824568     .70385   .6142375 |
197. | May 07   .7043269   .6894684   .0210959 |
     +-----------------------------------------+

. 
. set obs 233
obs was 197, now 233

. replace time = _n + 371
(36 real changes made)

. label var time "Time"

. format time %tmm_Y

. tsset time
        time variable:  time, Jan 91 to May 10
                delta:  1 month

. 
. arima dhp if time < 564, ar(1/2)

(setting optimization to BHHH)
Iteration 0:   log likelihood = -280.12145  
Iteration 1:   log likelihood = -280.11931  
Iteration 2:   log likelihood =  -280.1191  
Iteration 3:   log likelihood = -280.11906  
Iteration 4:   log likelihood = -280.11906  

ARIMA regression

Sample:  Feb 91 - Dec 06                        Number of obs      =       191
                                                Wald chi2(2)       =     41.24
Log likelihood = -280.1191                      Prob > chi2        =    0.0000

------------------------------------------------------------------------------
             |                 OPG
         dhp |      Coef.   Std. Err.      z    P>|z|     [95% Conf. Interval]
-------------+----------------------------------------------------------------
dhp          |
       _cons |   .6291755   .1536857     4.09   0.000      .327957    .9303939
-------------+----------------------------------------------------------------
ARMA         |
          ar |
         L1. |   .1665986   .0604824     2.75   0.006     .0480552     .285142
         L2. |   .3380952     .05664     5.97   0.000     .2270828    .4491076
-------------+----------------------------------------------------------------
      /sigma |   1.047946   .0536005    19.55   0.000     .9428913    1.153001
------------------------------------------------------------------------------

. predict forecast_AR2_dyn_long, xb dynamic(564)

. list time forecast_AR2_dyn_long in 193/233

     +-------------------+
     |   time   foreca~g |
     |-------------------|
193. | Jan 07   .9733318 |
194. | Feb 07   .7803016 |
195. | Mar 07   .7707105 |
196. | Apr 07     .70385 |
197. | May 07   .6894684 |
     |-------------------|
198. | Jun 07   .6644673 |
199. | Jul 07   .6554398 |
200. | Aug 07   .6454831 |
201. | Sep 07   .6407721 |
202. | Oct 07    .636621 |
     |-------------------|
203. | Nov 07   .6343367 |
204. | Dec 07   .6325526 |
205. | Jan 08   .6314831 |
206. | Feb 08   .6307017 |
207. | Mar 08   .6302099 |
     |-------------------|
208. | Apr 08   .6298638 |
209. | May 08   .6296399 |
210. | Jun 08   .6294855 |
211. | Jul 08   .6293842 |
212. | Aug 08   .6293151 |
     |-------------------|
213. | Sep 08   .6292692 |
214. | Oct 08   .6292383 |
215. | Nov 08   .6292176 |
216. | Dec 08   .6292037 |
217. | Jan 09   .6291944 |
     |-------------------|
218. | Feb 09   .6291882 |
219. | Mar 09    .629184 |
220. | Apr 09   .6291812 |
221. | May 09   .6291793 |
222. | Jun 09    .629178 |
     |-------------------|
223. | Jul 09   .6291772 |
224. | Aug 09   .6291766 |
225. | Sep 09   .6291763 |
226. | Oct 09    .629176 |
227. | Nov 09   .6291758 |
     |-------------------|
228. | Dec 09   .6291757 |
229. | Jan 10   .6291756 |
230. | Feb 10   .6291755 |
231. | Mar 10   .6291755 |
232. | Apr 10   .6291755 |
     |-------------------|
233. | May 10   .6291755 |
     +-------------------+

. 
. log close
      name:  <unnamed>
       log:  C:\...\ahp.log
  log type:  text
 closed on:  20 Dec 2012, 07:21:53
-------------------------------------------------------------------------------------------------------------------------------
