/home/ubuntu/Group2/TUBCloudComputingGroup2
06/13/17-21:39:01: Running linpack benchmark
06/13/17-21:39:26: Benchmark result: 1784173.431 KFLOPS
06/13/17-21:39:26: Running linpack benchmark
06/13/17-21:39:51: Benchmark result: 1785613.800 KFLOPS
06/13/17-21:39:51: Running linpack benchmark
06/13/17-21:40:16: Benchmark result: 1782449.917 KFLOPS
06/13/17-21:40:16: Running linpack benchmark
06/13/17-21:40:41: Benchmark result: 1787963.631 KFLOPS
06/13/17-21:40:41: Running linpack benchmark
06/13/17-21:41:06: Benchmark result: 1776069.679 KFLOPS
06/13/17-21:41:06: Running linpack benchmark
06/13/17-21:41:31: Benchmark result: 1786558.583 KFLOPS
06/13/17-21:41:31: Running linpack benchmark
06/13/17-21:41:56: Benchmark result: 1780371.794 KFLOPS
06/13/17-21:41:56: Running linpack benchmark
06/13/17-21:42:21: Benchmark result: 1785406.427 KFLOPS
06/13/17-21:42:21: Running linpack benchmark
06/13/17-21:42:46: Benchmark result: 1789216.491 KFLOPS
06/13/17-21:42:46: Running linpack benchmark
06/13/17-21:43:11: Benchmark result: 1785311.817 KFLOPS
06/13/17-21:43:11: Running linpack benchmark
06/13/17-21:43:36: Benchmark result: 1786922.433 KFLOPS
06/13/17-21:43:36: Running linpack benchmark
06/13/17-21:44:01: Benchmark result: 1779081.730 KFLOPS
06/13/17-21:44:01: Running linpack benchmark
06/13/17-21:44:26: Benchmark result: 1787789.071 KFLOPS
06/13/17-21:44:26: Running linpack benchmark
06/13/17-21:44:50: Benchmark result: 1786492.106 KFLOPS
06/13/17-21:44:50: Running linpack benchmark
06/13/17-21:45:15: Benchmark result: 1784869.945 KFLOPS
06/13/17-21:45:15: Running linpack benchmark
06/13/17-21:45:40: Benchmark result: 1789016.184 KFLOPS
06/13/17-21:45:40: Running linpack benchmark
06/13/17-21:46:05: Benchmark result: 1778726.225 KFLOPS
06/13/17-21:46:05: Running linpack benchmark
06/13/17-21:46:30: Benchmark result: 1785251.077 KFLOPS
06/13/17-21:46:30: Running linpack benchmark
06/13/17-21:46:55: Benchmark result: 1787176.145 KFLOPS
06/13/17-21:46:55: Running linpack benchmark
06/13/17-21:47:20: Benchmark result: 1788779.692 KFLOPS
06/13/17-21:47:20: Running linpack benchmark
06/13/17-21:47:45: Benchmark result: 1783794.242 KFLOPS
06/13/17-21:47:45: Running linpack benchmark
06/13/17-21:48:10: Benchmark result: 1781240.810 KFLOPS
06/13/17-21:48:10: Running linpack benchmark
06/13/17-21:48:35: Benchmark result: 1784597.002 KFLOPS
06/13/17-21:48:35: Running linpack benchmark
06/13/17-21:49:00: Benchmark result: 1782729.015 KFLOPS
06/13/17-21:49:00: Running linpack benchmark
06/13/17-21:49:25: Benchmark result: 1785487.974 KFLOPS
06/13/17-21:49:25: Running memsweep benchmark
06/13/17-21:49:57: Memsweep time in seconds: 31.948
06/13/17-21:49:57: Running memsweep benchmark
06/13/17-21:50:30: Memsweep time in seconds: 33.015
06/13/17-21:50:30: Running memsweep benchmark
06/13/17-21:51:02: Memsweep time in seconds: 32.063
06/13/17-21:51:02: Running memsweep benchmark
06/13/17-21:51:34: Memsweep time in seconds: 32.086
06/13/17-21:51:34: Running memsweep benchmark
06/13/17-21:52:06: Memsweep time in seconds: 32.058
06/13/17-21:52:06: Running memsweep benchmark
06/13/17-21:52:38: Memsweep time in seconds: 31.875
06/13/17-21:52:38: Running memsweep benchmark
06/13/17-21:53:10: Memsweep time in seconds: 31.992
06/13/17-21:53:10: Running memsweep benchmark
06/13/17-21:53:42: Memsweep time in seconds: 31.923
06/13/17-21:53:42: Running memsweep benchmark
06/13/17-21:54:14: Memsweep time in seconds: 32.149
06/13/17-21:54:14: Running memsweep benchmark
06/13/17-21:54:46: Memsweep time in seconds: 31.932
06/13/17-21:54:46: Running memsweep benchmark
06/13/17-21:55:19: Memsweep time in seconds: 32.458
06/13/17-21:55:19: Running memsweep benchmark
06/13/17-21:55:54: Memsweep time in seconds: 34.870
06/13/17-21:55:54: Running memsweep benchmark
06/13/17-21:56:28: Memsweep time in seconds: 33.804
06/13/17-21:56:28: Running memsweep benchmark
06/13/17-21:57:01: Memsweep time in seconds: 33.615
06/13/17-21:57:01: Running memsweep benchmark
06/13/17-21:57:37: Memsweep time in seconds: 35.342
06/13/17-21:57:37: Running memsweep benchmark
06/13/17-21:58:09: Memsweep time in seconds: 32.225
06/13/17-21:58:09: Running memsweep benchmark
06/13/17-21:58:41: Memsweep time in seconds: 31.880
06/13/17-21:58:41: Running memsweep benchmark
06/13/17-21:59:13: Memsweep time in seconds: 31.922
06/13/17-21:59:13: Running memsweep benchmark
06/13/17-21:59:45: Memsweep time in seconds: 31.999
06/13/17-21:59:45: Running memsweep benchmark
06/13/17-22:00:19: Memsweep time in seconds: 33.969
06/13/17-22:00:19: Running memsweep benchmark
06/13/17-22:00:52: Memsweep time in seconds: 33.398
06/13/17-22:00:52: Running memsweep benchmark
06/13/17-22:01:26: Memsweep time in seconds: 34.022
06/13/17-22:01:26: Running memsweep benchmark
06/13/17-22:02:00: Memsweep time in seconds: 33.756
06/13/17-22:02:00: Running memsweep benchmark
06/13/17-22:02:32: Memsweep time in seconds: 31.942
06/13/17-22:02:32: Running memsweep benchmark
06/13/17-22:03:04: Memsweep time in seconds: 31.799
06/13/17-22:03:04: Reading 4.3G of data from /dev/vda1 (must run as root)
06/13/17-22:07:49: 1048576+0 records in
06/13/17-22:07:49: 1048576+0 records out
06/13/17-22:07:49: 4294967296 bytes (4.3 GB, 4.0 GiB) copied, 282.869 s, 15.2 MB/s
06/13/17-22:09:20: Reading 4.3G of data from /dev/vda1 (must run as root)
06/13/17-22:14:16: 1048576+0 records in
06/13/17-22:14:16: 1048576+0 records out
06/13/17-22:14:16: 4294967296 bytes (4.3 GB, 4.0 GiB) copied, 295.689 s, 14.5 MB/s
06/13/17-22:15:46: Reading 4.3G of data from /dev/vda1 (must run as root)
06/13/17-22:20:28: 1048576+0 records in
06/13/17-22:20:28: 1048576+0 records out
06/13/17-22:20:28: 4294967296 bytes (4.3 GB, 4.0 GiB) copied, 281.871 s, 15.2 MB/s
06/13/17-22:21:58: Reading 4.3G of data from /dev/vda1 (must run as root)
06/13/17-22:26:41: 1048576+0 records in
06/13/17-22:26:41: 1048576+0 records out
06/13/17-22:26:41: 4294967296 bytes (4.3 GB, 4.0 GiB) copied, 282.281 s, 15.2 MB/s
06/13/17-22:28:11: Reading 4.3G of data from /dev/vda1 (must run as root)
06/13/17-22:33:26: 1048576+0 records in
06/13/17-22:33:26: 1048576+0 records out
06/13/17-22:33:26: 4294967296 bytes (4.3 GB, 4.0 GiB) copied, 314.82 s, 13.6 MB/s
06/13/17-22:34:57: Reading 4.3G of data from /dev/vda1 (must run as root)
06/13/17-22:40:10: 1048576+0 records in
06/13/17-22:40:10: 1048576+0 records out
06/13/17-22:40:10: 4294967296 bytes (4.3 GB, 4.0 GiB) copied, 313.645 s, 13.7 MB/s
06/13/17-22:41:41: Reading 4.3G of data from /dev/vda1 (must run as root)
06/13/17-22:46:12: 1048576+0 records in
06/13/17-22:46:12: 1048576+0 records out
06/13/17-22:46:12: 4294967296 bytes (4.3 GB, 4.0 GiB) copied, 270.789 s, 15.9 MB/s
06/13/17-22:47:42: Reading 4.3G of data from /dev/vda1 (must run as root)
06/13/17-22:51:43: 1048576+0 records in
06/13/17-22:51:43: 1048576+0 records out
06/13/17-22:51:43: 4294967296 bytes (4.3 GB, 4.0 GiB) copied, 241.059 s, 17.8 MB/s
06/13/17-22:53:13: Reading 4.3G of data from /dev/vda1 (must run as root)
06/13/17-22:57:46: 1048576+0 records in
06/13/17-22:57:46: 1048576+0 records out
06/13/17-22:57:46: 4294967296 bytes (4.3 GB, 4.0 GiB) copied, 272.647 s, 15.8 MB/s
06/13/17-22:59:17: Reading 4.3G of data from /dev/vda1 (must run as root)
06/13/17-23:03:21: 1048576+0 records in
06/13/17-23:03:21: 1048576+0 records out
06/13/17-23:03:21: 4294967296 bytes (4.3 GB, 4.0 GiB) copied, 244.134 s, 17.6 MB/s
06/13/17-23:04:51: Reading 4.3G of data from /dev/vda1 (must run as root)
06/13/17-23:08:25: 1048576+0 records in
06/13/17-23:08:25: 1048576+0 records out
06/13/17-23:08:25: 4294967296 bytes (4.3 GB, 4.0 GiB) copied, 214.005 s, 20.1 MB/s
06/13/17-23:09:55: Reading 4.3G of data from /dev/vda1 (must run as root)
06/13/17-23:14:13: 1048576+0 records in
06/13/17-23:14:13: 1048576+0 records out
06/13/17-23:14:13: 4294967296 bytes (4.3 GB, 4.0 GiB) copied, 257.77 s, 16.7 MB/s
06/13/17-23:15:43: Reading 4.3G of data from /dev/vda1 (must run as root)
06/13/17-23:19:36: 1048576+0 records in
06/13/17-23:19:36: 1048576+0 records out
06/13/17-23:19:36: 4294967296 bytes (4.3 GB, 4.0 GiB) copied, 232.626 s, 18.5 MB/s
06/13/17-23:21:06: Reading 4.3G of data from /dev/vda1 (must run as root)
06/13/17-23:26:01: 1048576+0 records in
06/13/17-23:26:01: 1048576+0 records out
06/13/17-23:26:01: 4294967296 bytes (4.3 GB, 4.0 GiB) copied, 294.371 s, 14.6 MB/s
06/13/17-23:27:31: Reading 4.3G of data from /dev/vda1 (must run as root)
06/13/17-23:32:25: 1048576+0 records in
06/13/17-23:32:25: 1048576+0 records out
06/13/17-23:32:25: 4294967296 bytes (4.3 GB, 4.0 GiB) copied, 293.823 s, 14.6 MB/s
06/13/17-23:33:55: Reading 4.3G of data from /dev/vda1 (must run as root)
06/13/17-23:39:05: 1048576+0 records in
06/13/17-23:39:05: 1048576+0 records out
06/13/17-23:39:05: 4294967296 bytes (4.3 GB, 4.0 GiB) copied, 309.054 s, 13.9 MB/s
06/13/17-23:40:35: Reading 4.3G of data from /dev/vda1 (must run as root)
06/13/17-23:45:42: 1048576+0 records in
06/13/17-23:45:42: 1048576+0 records out
06/13/17-23:45:42: 4294967296 bytes (4.3 GB, 4.0 GiB) copied, 307.099 s, 14.0 MB/s
06/13/17-23:47:12: Reading 4.3G of data from /dev/vda1 (must run as root)
06/13/17-23:52:06: 1048576+0 records in
06/13/17-23:52:06: 1048576+0 records out
06/13/17-23:52:06: 4294967296 bytes (4.3 GB, 4.0 GiB) copied, 293.607 s, 14.6 MB/s
06/13/17-23:53:36: Reading 4.3G of data from /dev/vda1 (must run as root)
06/13/17-23:58:41: 1048576+0 records in
06/13/17-23:58:41: 1048576+0 records out
06/13/17-23:58:41: 4294967296 bytes (4.3 GB, 4.0 GiB) copied, 304.706 s, 14.1 MB/s
06/14/17-00:00:12: Reading 4.3G of data from /dev/vda1 (must run as root)
06/14/17-00:05:18: 1048576+0 records in
06/14/17-00:05:18: 1048576+0 records out
06/14/17-00:05:18: 4294967296 bytes (4.3 GB, 4.0 GiB) copied, 306.421 s, 14.0 MB/s
06/14/17-00:06:48: Reading 4.3G of data from /dev/vda1 (must run as root)
06/14/17-00:11:44: 1048576+0 records in
06/14/17-00:11:44: 1048576+0 records out
06/14/17-00:11:44: 4294967296 bytes (4.3 GB, 4.0 GiB) copied, 295.291 s, 14.5 MB/s
06/14/17-00:13:14: Reading 4.3G of data from /dev/vda1 (must run as root)
06/14/17-00:18:01: 1048576+0 records in
06/14/17-00:18:01: 1048576+0 records out
06/14/17-00:18:01: 4294967296 bytes (4.3 GB, 4.0 GiB) copied, 287.137 s, 15.0 MB/s
06/14/17-00:19:32: Reading 4.3G of data from /dev/vda1 (must run as root)
06/14/17-00:22:35: 1048576+0 records in
06/14/17-00:22:35: 1048576+0 records out
06/14/17-00:22:35: 4294967296 bytes (4.3 GB, 4.0 GiB) copied, 183.332 s, 23.4 MB/s
06/14/17-00:24:05: Reading 4.3G of data from /dev/vda1 (must run as root)
06/14/17-00:24:22: 1048576+0 records in
06/14/17-00:24:22: 1048576+0 records out
06/14/17-00:24:22: 4294967296 bytes (4.3 GB, 4.0 GiB) copied, 16.6411 s, 258 MB/s
06/14/17-00:25:52: Reading 4.3G of data from /dev/vda1 (must run as root)
06/14/17-00:26:08: 1048576+0 records in
06/14/17-00:26:08: 1048576+0 records out
06/14/17-00:26:08: 4294967296 bytes (4.3 GB, 4.0 GiB) copied, 16.6831 s, 257 MB/s
