-------------------------------------------------------------------------------------------------------------------------------
      name:  <unnamed>
       log:  C:\...\GNP.log
  log type:  text
 opened on:  19 Nov 2012, 13:33:08

. 
. gen time = -52 + _n

. format time %tq

. list in 1/10

     +------------------+
     |     GNP     time |
     |------------------|
  1. |  .00632   1947q2 |
  2. |  .00366   1947q3 |
  3. |  .01202   1947q4 |
  4. |  .00627   1948q1 |
  5. |  .01761   1948q2 |
     |------------------|
  6. |  .00918   1948q3 |
  7. |   .0082   1948q4 |
  8. |  -.0117   1949q1 |
  9. | -.00587   1949q2 |
 10. |  .00757   1949q3 |
     +------------------+

. 
. tsset time
        time variable:  time, 1947q2 to 1991q1
                delta:  1 quarter

. tsline GNP, lwidth(thick)

. 
. summarize GNP

    Variable |       Obs        Mean    Std. Dev.       Min        Max
-------------+--------------------------------------------------------
         GNP |       176    .0077412    .0107275    -.02391     .03989

. return list

scalars:
                  r(N) =  176
              r(sum_w) =  176
               r(mean) =  .0077412499703603
                r(Var) =  .000115080170731
                 r(sd) =  .0107275426231272
                r(min) =  -.0239100009202957
                r(max) =  .0398899987339973
                r(sum) =  1.362459994783421

. display r(mean)
.00774125

. local mean=r(mean)

. display `mean'
.00774125

. 
. twoway scatter L.GNP GNP, yline(`mean', lwidth(medthick)) xline(`mean', lwidth(medthick)) xtitle("GNP in t") ytitle("GNP in t
> -1") || ///
>        lfit L.GNP GNP, lwidth(medthick) legend(off)

. 
. twoway scatter L2.GNP GNP, yline(`mean', lwidth(medthick)) xline(`mean', lwidth(medthick)) xtitle("GNP in t") ytitle("GNP in 
> t-2") || ///
>        lfit L2.GNP GNP, lwidth(medthick) legend(off)

. 
. twoway scatter L3.GNP GNP, yline(`mean', lwidth(medthick)) xline(`mean', lwidth(medthick)) xtitle("GNP in t") ytitle("GNP in 
> t-3") || ///
>        lfit L3.GNP GNP, lwidth(medthick) legend(off)

. 
. corrgram GNP

                                          -1       0       1 -1       0       1
 LAG       AC       PAC      Q     Prob>Q  [Autocorrelation]  [Partial Autocor]
-------------------------------------------------------------------------------
1        0.3769   0.3807   25.426  0.0000          |---               |---     
2        0.2539   0.1344   37.034  0.0000          |--                |-       
3        0.0125  -0.1443   37.062  0.0000          |                 -|        
4       -0.0859  -0.0991   38.407  0.0000          |                  |        
5       -0.1071  -0.0196   40.507  0.0000          |                  |        
6       -0.0575   0.0352   41.116  0.0000          |                  |        
7       -0.0182   0.0130   41.177  0.0000          |                  |        
8       -0.0772  -0.1113    42.29  0.0000          |                  |        
9       -0.0702  -0.0446   43.214  0.0000          |                  |        
10       0.0104   0.0993   43.234  0.0000          |                  |        
11      -0.0230  -0.0371   43.335  0.0000          |                  |        
12      -0.0967  -0.1541   45.122  0.0000          |                 -|        
13      -0.1011  -0.0503   47.085  0.0000          |                  |        
14      -0.1145  -0.0222   49.622  0.0000          |                  |        
15      -0.0747   0.0084   50.707  0.0000          |                  |        
16       0.0292   0.0644   50.873  0.0000          |                  |        
17       0.0618  -0.0119   51.625  0.0000          |                  |        
18       0.0916   0.0396    53.29  0.0000          |                  |        
19       0.0344  -0.0047   53.526  0.0000          |                  |        
20       0.0246  -0.0099   53.647  0.0001          |                  |        
21      -0.0387  -0.0612    53.95  0.0001          |                  |        
22      -0.0216   0.0108   54.045  0.0002          |                  |        
23      -0.0883  -0.0893   55.642  0.0002          |                  |        
24      -0.0732  -0.0336   56.745  0.0002          |                  |        
25      -0.0252   0.0416   56.877  0.0003          |                  |        
26      -0.0244  -0.0417   57.001  0.0004          |                  |        
27      -0.0088  -0.0322   57.018  0.0006          |                  |        
28       0.0333   0.0499   57.253  0.0009          |                  |        
29       0.0024  -0.0303   57.254  0.0013          |                  |        
30      -0.1067  -0.1551   59.699  0.0010          |                 -|        
31      -0.0651   0.0019   60.615  0.0011          |                  |        
32       0.0003   0.0715   60.615  0.0017          |                  |        
33      -0.0044  -0.0202   60.619  0.0024          |                  |        
34       0.1280   0.1389   64.236  0.0013          |-                 |-       
35       0.0321  -0.1120   64.465  0.0018          |                  |        
36       0.0165  -0.0376   64.526  0.0024          |                  |        
37      -0.1040  -0.0743   66.963  0.0018          |                  |        
38      -0.1387  -0.1747   71.328  0.0009         -|                 -|        
39      -0.0907  -0.0004   73.208  0.0007          |                  |        
40      -0.0493   0.0639   73.768  0.0009          |                  |        

. 
. ac GNP

. 
. log close
      name:  <unnamed>
       log:  C:\...\GNP.log
  log type:  text
 closed on:  19 Nov 2012, 13:33:18
-------------------------------------------------------------------------------------------------------------------------------
