-------------------------------------------------------------------------------------------------------------------------------
       log:  C:\...\GNPperCapita.log
  log type:  text
 opened on:  11 Jan 2011, 12:56:30

. 
. tsset time
        time variable:  time, 1947q1 to 2010q3

. tsline GNP, lwidth(thick) xtitle(, margin(t+2)) ytitle(, margin(r+2))

. tsline GNP, lwidth(thick) xtitle(, margin(t+2)) ytitle(, margin(r+2)) || lfit GNP time, lwidth(thick) legend(rows(2))

. 
. tsline lnGNP, lwidth(thick) xtitle(, margin(t+2)) ytitle(, margin(r+2))

. ac lnGNP, xtitle(, margin(t+2)) ytitle(, margin(r+2)) ciopts(color(gs10))

. 
. tsline lnGNP, lwidth(thick) xtitle(, margin(t+2)) ytitle(, margin(r+2)) || lfit lnGNP time,  lwidth(thick)

. regress lnGNP time

      Source |       SS       df       MS              Number of obs =     255
-------------+------------------------------           F(  1,   253) =28663.44
       Model |  38.2339928     1  38.2339928           Prob > F      =  0.0000
    Residual |  .337475217   253  .001333894           R-squared     =  0.9913
-------------+------------------------------           Adj R-squared =  0.9912
       Total |   38.571468   254  .151856173           Root MSE      =  .03652

------------------------------------------------------------------------------
       lnGNP |      Coef.   Std. Err.      t    P>|t|     [95% Conf. Interval]
-------------+----------------------------------------------------------------
        time |   .0052603   .0000311   169.30   0.000     .0051991    .0053215
       _cons |   9.714362   .0032651  2975.18   0.000     9.707932    9.720793
------------------------------------------------------------------------------

. predict res_OLS, res

. tsline res_OLS, lwidth(thick) xtitle(, margin(t+2)) ytitle(, margin(r+2))

. ac  res_OLS, xtitle(, margin(t+2)) ytitle(, margin(r+2)) ciopts(color(gs10))

. pac  res_OLS, xtitle(, margin(t+2)) ytitle(, margin(r+2)) ciopts(color(gs10))

. 
. arima res_OLS, ar(1/3) noconst

(setting optimization to BHHH)
Iteration 0:   log likelihood =  836.99021  
Iteration 1:   log likelihood =  836.99556  
Iteration 2:   log likelihood =  836.99585  
Iteration 3:   log likelihood =  836.99587  

ARIMA regression

Sample:  1947q1 to 2010q3                       Number of obs      =       255
                                                Wald chi2(3)       =   4841.46
Log likelihood =  836.9959                      Prob > chi2        =    0.0000

------------------------------------------------------------------------------
             |                 OPG
     res_OLS |      Coef.   Std. Err.      z    P>|z|     [95% Conf. Interval]
-------------+----------------------------------------------------------------
ARMA         |
          ar |
         L1. |   1.296006   .0497034    26.07   0.000     1.198589    1.393423
         L2. |  -.2122003   .0861312    -2.46   0.014    -.3810144   -.0433861
         L3. |  -.1392797   .0561655    -2.48   0.013     -.249362   -.0291974
-------------+----------------------------------------------------------------
      /sigma |   .0090287    .000296    30.50   0.000     .0084486    .0096089
------------------------------------------------------------------------------

. predict res_AR3, res

. ac res_AR3, xtitle(, margin(t+2)) ytitle(, margin(r+2)) ciopts(color(gs10))

. pac res_AR3, xtitle(, margin(t+2)) ytitle(, margin(r+2)) ciopts(color(gs10))

. corrgram res_AR3

                                          -1       0       1 -1       0       1
 LAG       AC       PAC      Q     Prob>Q  [Autocorrelation]  [Partial Autocor]
-------------------------------------------------------------------------------
1        0.0220   0.0220   .12491  0.7238          |                  |        
2        0.0480   0.0479   .72119  0.6973          |                  |        
3       -0.0529  -0.0548   1.4485  0.6942          |                  |        
4       -0.0447  -0.0460   1.9709  0.7411          |                  |        
5       -0.0883  -0.0832   4.0146  0.5473          |                  |        
6        0.0481   0.0533   4.6233  0.5930          |                  |        
7        0.0144   0.0182   4.6777  0.6992          |                  |        
8        0.0224   0.0087   4.8107  0.7776          |                  |        
9        0.0972   0.0986   7.3293  0.6029          |                  |        
10       0.0769   0.0792   8.9114  0.5405          |                  |        
11       0.0862   0.0971   10.906  0.4512          |                  |        
12      -0.1136  -0.1175   14.384  0.2769          |                  |        
13      -0.0774  -0.0756   16.006  0.2488          |                  |        
14      -0.0162   0.0182   16.077  0.3087          |                  |        
15      -0.0676  -0.0737   17.324  0.2999          |                  |        
16       0.0766   0.0809   18.935  0.2721          |                  |        
17       0.0463   0.0255   19.524  0.2993          |                  |        
18       0.0476   0.0413   20.151  0.3244          |                  |        
19       0.0312   0.0330   20.421  0.3696          |                  |        
20       0.0809   0.0611   22.248  0.3272          |                  |        
21      -0.0969  -0.0791    24.88  0.2524          |                  |        
22      -0.0261  -0.0124   25.072  0.2937          |                  |        
23      -0.0899  -0.0551   27.356  0.2411          |                  |        
24      -0.0042   0.0089   27.361  0.2879          |                  |        
25       0.0472   0.0435   27.996  0.3080          |                  |        
26      -0.0020  -0.0507   27.998  0.3586          |                  |        
27       0.0244  -0.0076   28.169  0.4023          |                  |        
28       0.0711   0.0722    29.63  0.3811          |                  |        
29       0.0539   0.0785   30.471  0.3908          |                  |        
30      -0.1432  -0.1565   36.445  0.1939         -|                 -|        
31      -0.0382  -0.0492   36.872  0.2157          |                  |        
32      -0.0541  -0.0108   37.731  0.2237          |                  |        
33       0.0105   0.0140   37.763  0.2606          |                  |        
34       0.0498   0.0472     38.5  0.2731          |                  |        
35       0.0198  -0.0201   38.617  0.3095          |                  |        
36       0.0471   0.0416   39.281  0.3250          |                  |        
37      -0.0118   0.0160   39.323  0.3662          |                  |        
38      -0.0727  -0.1209   40.921  0.3435          |                  |        
39      -0.0579  -0.0579   41.939  0.3446          |                  |        
40      -0.0304  -0.0109   42.221  0.3752          |                  |        

. 
. regress lnGNP time L.lnGNP L2.lnGNP L3.lnGNP

      Source |       SS       df       MS              Number of obs =     252
-------------+------------------------------           F(  4,   247) =       .
       Model |  37.1251786     4  9.28129465           Prob > F      =  0.0000
    Residual |  .020552824   247   .00008321           R-squared     =  0.9994
-------------+------------------------------           Adj R-squared =  0.9994
       Total |  37.1457314   251  .147990962           Root MSE      =  .00912

------------------------------------------------------------------------------
       lnGNP |      Coef.   Std. Err.      t    P>|t|     [95% Conf. Interval]
-------------+----------------------------------------------------------------
        time |   .0002734   .0000889     3.08   0.002     .0000983    .0004486
       lnGNP |
         L1. |   1.291802   .0629791    20.51   0.000     1.167757    1.415846
         L2. |  -.2091396   .1027163    -2.04   0.043    -.4114512    -.006828
         L3. |  -.1359682   .0638015    -2.13   0.034    -.2616327   -.0103038
       _cons |   .5207294   .1627163     3.20   0.002     .2002411    .8412177
------------------------------------------------------------------------------

. 
. tsline D.lnGNP, lwidth(thick) xtitle(, margin(t+2)) ytitle(, margin(r+2))

. ac D.lnGNP, xtitle(, margin(t+2)) ytitle(, margin(r+2)) ciopts(color(gs10))

. pac D.lnGNP, xtitle(, margin(t+2)) ytitle(, margin(r+2)) ciopts(color(gs10))

. arima D.lnGNP, ar(1/3)

(setting optimization to BHHH)
Iteration 0:   log likelihood =  832.42532  
Iteration 1:   log likelihood =  832.42725  
Iteration 2:   log likelihood =  832.42754  
Iteration 3:   log likelihood =  832.42758  
Iteration 4:   log likelihood =  832.42759  

ARIMA regression

Sample:  1947q2 to 2010q3                       Number of obs      =       254
                                                Wald chi2(3)       =     60.83
Log likelihood =  832.4276                      Prob > chi2        =    0.0000

------------------------------------------------------------------------------
             |                 OPG
     D.lnGNP |      Coef.   Std. Err.      z    P>|z|     [95% Conf. Interval]
-------------+----------------------------------------------------------------
lnGNP        |
       _cons |   .0048788   .0009102     5.36   0.000     .0030949    .0066627
-------------+----------------------------------------------------------------
ARMA         |
          ar |
         L1. |   .3468049   .0515245     6.73   0.000     .2458187    .4477911
         L2. |   .1381909   .0561872     2.46   0.014      .028066    .2483158
         L3. |  -.1459299   .0568711    -2.57   0.010    -.2573953   -.0344646
-------------+----------------------------------------------------------------
      /sigma |   .0091259   .0003021    30.21   0.000     .0085338     .009718
------------------------------------------------------------------------------

. arima lnGNP, arima(3,1,0)

(setting optimization to BHHH)
Iteration 0:   log likelihood =  832.42532  
Iteration 1:   log likelihood =  832.42725  
Iteration 2:   log likelihood =  832.42754  
Iteration 3:   log likelihood =  832.42758  
Iteration 4:   log likelihood =  832.42759  

ARIMA regression

Sample:  1947q2 to 2010q3                       Number of obs      =       254
                                                Wald chi2(3)       =     60.83
Log likelihood =  832.4276                      Prob > chi2        =    0.0000

------------------------------------------------------------------------------
             |                 OPG
     D.lnGNP |      Coef.   Std. Err.      z    P>|z|     [95% Conf. Interval]
-------------+----------------------------------------------------------------
lnGNP        |
       _cons |   .0048788   .0009102     5.36   0.000     .0030949    .0066627
-------------+----------------------------------------------------------------
ARMA         |
          ar |
         L1. |   .3468049   .0515245     6.73   0.000     .2458187    .4477911
         L2. |   .1381909   .0561872     2.46   0.014      .028066    .2483158
         L3. |  -.1459299   .0568711    -2.57   0.010    -.2573953   -.0344646
-------------+----------------------------------------------------------------
      /sigma |   .0091259   .0003021    30.21   0.000     .0085338     .009718
------------------------------------------------------------------------------

. predict res_ARIMA310, res
(1 missing value generated)

. ac res_ARIMA310, xtitle(, margin(t+2)) ytitle(, margin(r+2)) ciopts(color(gs10))

. pac res_ARIMA310, xtitle(, margin(t+2)) ytitle(, margin(r+2)) ciopts(color(gs10))

. corrgram res_ARIMA310

                                          -1       0       1 -1       0       1
 LAG       AC       PAC      Q     Prob>Q  [Autocorrelation]  [Partial Autocor]
-------------------------------------------------------------------------------
1       -0.0142  -0.0142    .0517  0.8201          |                  |        
2       -0.0062  -0.0065   .06177  0.9696          |                  |        
3        0.0470   0.0470   .63513  0.8883          |                  |        
4       -0.0541  -0.0528   1.3961  0.8449          |                  |        
5       -0.1072  -0.1092   4.3996  0.4934          |                  |        
6        0.0093   0.0031   4.4224  0.6197          |                  |        
7       -0.0366  -0.0315   4.7759  0.6873          |                  |        
8       -0.0421  -0.0369   5.2434  0.7313          |                  |        
9        0.0437   0.0320   5.7497  0.7647          |                  |        
10       0.0377   0.0352   6.1284  0.8044          |                  |        
11       0.0478   0.0519   6.7387  0.8198          |                  |        
12      -0.1239  -0.1448   10.864  0.5406          |                 -|        
13      -0.0763  -0.0977   12.434  0.4924          |                  |        
14      -0.0089  -0.0200   12.456  0.5698          |                  |        
15      -0.0928  -0.0872   14.799  0.4660          |                  |        
16       0.0546   0.0658   15.614  0.4802          |                  |        
17       0.0436   0.0162   16.135  0.5143          |                  |        
18       0.0175   0.0252   16.219  0.5773          |                  |        
19       0.0194   0.0031   16.323  0.6356          |                  |        
20       0.0766   0.0382   17.956  0.5903          |                  |        
21      -0.1017  -0.0968   20.841  0.4687          |                  |        
22      -0.0210  -0.0226   20.964  0.5230          |                  |        
23      -0.0723  -0.0742   22.437  0.4940          |                  |        
24      -0.0115   0.0080   22.475  0.5509          |                  |        
25       0.0468   0.0426   23.097  0.5719          |                  |        
26      -0.0244  -0.0502   23.268  0.6178          |                  |        
27      -0.0106  -0.0426     23.3  0.6688          |                  |        
28       0.0738   0.0546   24.867  0.6350          |                  |        
29       0.0486   0.0759   25.549  0.6495          |                  |        
30      -0.1464  -0.1537   31.775  0.3781         -|                 -|        
31      -0.0215  -0.0592    31.91  0.4211          |                  |        
32      -0.0371  -0.0413   32.313  0.4513          |                  |        
33      -0.0029   0.0123   32.316  0.5010          |                  |        
34       0.0391   0.0331   32.768  0.5279          |                  |        
35      -0.0047  -0.0462   32.774  0.5760          |                  |        
36       0.0306   0.0167   33.054  0.6095          |                  |        
37      -0.0082  -0.0054   33.074  0.6537          |                  |        
38      -0.0856  -0.1385   35.282  0.5958          |                 -|        
39      -0.0274  -0.0659   35.509  0.6299          |                  |        
40      -0.0317  -0.0494   35.814  0.6591          |                  |        

. 
. log close
       log:  C:\...\GNPperCapita.log
  log type:  text
 closed on:  11 Jan 2011, 12:56:41
-------------------------------------------------------------------------------------------------------------------------------
